<?xml version="1.0" encoding="UTF-8"?>
<testsuite name="ch.heigvd.res.lab00.ApplicationTest" time="0.003" tests="5" errors="0" skipped="0" failures="0">
  <properties>
[...]
</properties>
  <testcase name="thereShouldBeAClassNamedApplication" classname="ch.heigvd.res.lab00.ApplicationTest" time="0.001"/>
  <testcase name="thereShouldBeAGetterForMessage" classname="ch.heigvd.res.lab00.ApplicationTest" time="0"/>
  <testcase name="theDefaultValueForMessageShouldBeDefined" classname="ch.heigvd.res.lab00.ApplicationTest" time="0.002"/>
  <testcase name="theGetterForMessageShouldReturnTheCorrectValue" classname="ch.heigvd.res.lab00.ApplicationTest" time="0"/>
  <testcase name="thereShouldBeAMethodToAddIntegers" classname="ch.heigvd.res.lab00.ApplicationTest" time="0"/>
</testsuite>